<?xml version="1.0" encoding="UTF-8"?>
<!-- Generated by org.testng.reporters.JUnitXMLReporter -->
<testsuite hostname="DESKTOP-7JFCFTT" name="Command line test" tests="1" failures="1" timestamp="16 Aug 2021 17:33:10 GMT" time="0.441" errors="0">
  <testcase name="runCukes" time="0.419" classname="CucumberTest.TestRunner_Web">
    <failure type="java.lang.IllegalArgumentException" message="Not a file or directory: C:\Users\Arvind\Documents\AUTOMATION\Guru-Bank\&amp;quot;--tags">
      <![CDATA[java.lang.IllegalArgumentException: Not a file or directory: C:\Users\Arvind\Documents\AUTOMATION\Guru-Bank\"--tags
	at cucumber.runtime.io.FileResourceIterator$FileIterator.<init>(FileResourceIterator.java:54)
	at cucumber.runtime.io.FileResourceIterator.<init>(FileResourceIterator.java:20)
	at cucumber.runtime.io.FileResourceIterable.iterator(FileResourceIterable.java:19)
	at cucumber.runtime.model.CucumberFeature.loadFromFeaturePath(CucumberFeature.java:103)
	at cucumber.runtime.model.CucumberFeature.load(CucumberFeature.java:54)
	at cucumber.runtime.model.CucumberFeature.load(CucumberFeature.java:34)
	at cucumber.runtime.RuntimeOptions.cucumberFeatures(RuntimeOptions.java:239)
	at cucumber.api.testng.TestNGCucumberRunner.getFeatures(TestNGCucumberRunner.java:85)
	at cucumber.api.testng.TestNGCucumberRunner.runCukes(TestNGCucumberRunner.java:49)
	at CucumberTest.TestRunner_Web.runCukes(TestRunner_Web.java:28)
... Removed 34 stack frames]]>
    </failure>
  </testcase> <!-- runCukes -->
</testsuite> <!-- Command line test -->
