<?xml version="1.0" encoding="UTF-8"?>
<testng-results skipped="0" failed="0" total="1" passed="1">
  <reporter-output>
  </reporter-output>
  <suite name="Command line suite" duration-ms="265762" started-at="2021-07-06T12:21:31Z" finished-at="2021-07-06T12:25:57Z">
    <groups>
      <group name="Web">
        <method signature="TestRunner_Web.runCukes()[pri:0, instance:CucumberTest.TestRunner_Web@14bf9759]" name="runCukes" class="CucumberTest.TestRunner_Web"/>
      </group> <!-- Web -->
    </groups>
    <test name="Command line test" duration-ms="265762" started-at="2021-07-06T12:21:31Z" finished-at="2021-07-06T12:25:57Z">
      <class name="CucumberTest.TestRunner_Web">
        <test-method status="PASS" signature="runCukes()[pri:0, instance:CucumberTest.TestRunner_Web@14bf9759]" name="runCukes" duration-ms="265745" started-at="2021-07-06T14:21:31Z" description="Example of using TestNGCucumberRunner to invoke Cucumber" finished-at="2021-07-06T14:25:57Z">
          <reporter-output>
          </reporter-output>
        </test-method> <!-- runCukes -->
      </class> <!-- CucumberTest.TestRunner_Web -->
    </test> <!-- Command line test -->
  </suite> <!-- Command line suite -->
</testng-results>
